<?xml version="1.0" encoding="UTF-8"?>
<testng-results skipped="0" failed="1" ignored="6" total="13" passed="6">
  <reporter-output>
  </reporter-output>
  <suite name="Suite First" duration-ms="38654" started-at="2023-06-14T08:10:54Z" finished-at="2023-06-14T08:11:33Z">
    <groups>
      <group name="customer">
        <method signature="TestNGDemo.createCustomer()[pri:0, instance:demo.basic.TestNGDemo@5bcab519]" name="createCustomer" class="demo.basic.TestNGDemo"/>
        <method signature="TestNGDemo.deleteCustomer()[pri:0, instance:demo.basic.TestNGDemo@5bcab519]" name="deleteCustomer" class="demo.basic.TestNGDemo"/>
        <method signature="TestNGDemo.editCustomer()[pri:0, instance:demo.basic.TestNGDemo@5bcab519]" name="editCustomer" class="demo.basic.TestNGDemo"/>
        <method signature="TestNGDemotwo.addPhoto()[pri:0, instance:demo.basic.TestNGDemotwo@e45f292]" name="addPhoto" class="demo.basic.TestNGDemotwo"/>
      </group> <!-- customer -->
    </groups>
    <test name="TestngFirst" duration-ms="38593" started-at="2023-06-14T08:10:54Z" finished-at="2023-06-14T08:11:33Z">
      <class name="demo.basic.TestNGDemo">
        <test-method status="PASS" signature="setUp()[pri:0, instance:demo.basic.TestNGDemo@1794d431]" name="setUp" is-config="true" duration-ms="5949" started-at="2023-06-14T08:10:54Z" finished-at="2023-06-14T08:11:00Z">
          <reporter-output>
          </reporter-output>
        </test-method> <!-- setUp -->
        <test-method status="PASS" signature="loginTestGetTitle()[pri:0, instance:demo.basic.TestNGDemo@1794d431]" name="loginTestGetTitle" duration-ms="24" started-at="2023-06-14T08:11:00Z" finished-at="2023-06-14T08:11:00Z">
          <reporter-output>
          </reporter-output>
        </test-method> <!-- loginTestGetTitle -->
        <test-method status="PASS" signature="logOutTest()[pri:0, instance:demo.basic.TestNGDemo@1794d431]" name="logOutTest" duration-ms="30096" started-at="2023-06-14T08:11:00Z" finished-at="2023-06-14T08:11:31Z">
          <reporter-output>
          </reporter-output>
        </test-method> <!-- logOutTest -->
        <test-method status="PASS" signature="loginTest()[pri:0, instance:demo.basic.TestNGDemo@1794d431]" name="loginTest" duration-ms="32478" started-at="2023-06-14T08:11:00Z" finished-at="2023-06-14T08:11:33Z">
          <reporter-output>
          </reporter-output>
        </test-method> <!-- loginTest -->
        <test-method status="PASS" signature="closeBrowser()[pri:0, instance:demo.basic.TestNGDemo@1794d431]" name="closeBrowser" is-config="true" duration-ms="134" started-at="2023-06-14T08:11:33Z" finished-at="2023-06-14T08:11:33Z">
          <reporter-output>
          </reporter-output>
        </test-method> <!-- closeBrowser -->
      </class> <!-- demo.basic.TestNGDemo -->
    </test> <!-- TestngFirst -->
    <test name="Successful Login with Valid Credentials" duration-ms="25" started-at="2023-06-14T08:11:33Z" finished-at="2023-06-14T08:11:33Z">
      <class name="demo.basic.TestNGDemotwo">
        <test-method status="FAIL" signature="addPhoto()[pri:0, instance:demo.basic.TestNGDemotwo@e45f292]" name="addPhoto" duration-ms="6" started-at="2023-06-14T08:11:33Z" finished-at="2023-06-14T08:11:33Z">
          <exception class="java.lang.AssertionError">
            <message>
              <![CDATA[expected [false] but found [true]]]>
            </message>
            <full-stacktrace>
              <![CDATA[java.lang.AssertionError: expected [false] but found [true]
at org.testng.Assert.fail(Assert.java:96)
at org.testng.Assert.failNotEquals(Assert.java:776)
at org.testng.Assert.assertEqualsImpl(Assert.java:137)
at org.testng.Assert.assertEquals(Assert.java:118)
at org.testng.Assert.assertEquals(Assert.java:568)
at org.testng.Assert.assertEquals(Assert.java:578)
at demo.basic.TestNGDemotwo.addPhoto(TestNGDemotwo.java:11)
at sun.reflect.NativeMethodAccessorImpl.invoke0(Native Method)
at sun.reflect.NativeMethodAccessorImpl.invoke(NativeMethodAccessorImpl.java:62)
at sun.reflect.DelegatingMethodAccessorImpl.invoke(DelegatingMethodAccessorImpl.java:43)
at java.lang.reflect.Method.invoke(Method.java:498)
at org.testng.internal.MethodInvocationHelper.invokeMethod(MethodInvocationHelper.java:124)
at org.testng.internal.Invoker.invokeMethod(Invoker.java:583)
at org.testng.internal.Invoker.invokeTestMethod(Invoker.java:719)
at org.testng.internal.Invoker.invokeTestMethods(Invoker.java:989)
at org.testng.internal.TestMethodWorker.invokeTestMethods(TestMethodWorker.java:125)
at org.testng.internal.TestMethodWorker.run(TestMethodWorker.java:109)
at org.testng.TestRunner.privateRun(TestRunner.java:648)
at org.testng.TestRunner.run(TestRunner.java:505)
at org.testng.SuiteRunner.runTest(SuiteRunner.java:455)
at org.testng.SuiteRunner.runSequentially(SuiteRunner.java:450)
at org.testng.SuiteRunner.privateRun(SuiteRunner.java:415)
at org.testng.SuiteRunner.run(SuiteRunner.java:364)
at org.testng.SuiteRunnerWorker.runSuite(SuiteRunnerWorker.java:52)
at org.testng.SuiteRunnerWorker.run(SuiteRunnerWorker.java:84)
at org.testng.TestNG.runSuitesSequentially(TestNG.java:1208)
at org.testng.TestNG.runSuitesLocally(TestNG.java:1137)
at org.testng.TestNG.runSuites(TestNG.java:1049)
at org.testng.TestNG.run(TestNG.java:1017)
at org.testng.remote.AbstractRemoteTestNG.run(AbstractRemoteTestNG.java:115)
at org.testng.remote.RemoteTestNG.initAndRun(RemoteTestNG.java:251)
at org.testng.remote.RemoteTestNG.main(RemoteTestNG.java:77)
]]>
            </full-stacktrace>
          </exception> <!-- java.lang.AssertionError -->
          <reporter-output>
          </reporter-output>
        </test-method> <!-- addPhoto -->
      </class> <!-- demo.basic.TestNGDemotwo -->
      <class name="demo.basic.TestNGDemo">
        <test-method status="PASS" signature="createCustomer()[pri:0, instance:demo.basic.TestNGDemo@5bcab519]" name="createCustomer" duration-ms="1" started-at="2023-06-14T08:11:33Z" finished-at="2023-06-14T08:11:33Z">
          <reporter-output>
          </reporter-output>
        </test-method> <!-- createCustomer -->
        <test-method status="PASS" signature="deleteCustomer()[pri:0, instance:demo.basic.TestNGDemo@5bcab519]" name="deleteCustomer" duration-ms="0" started-at="2023-06-14T08:11:33Z" finished-at="2023-06-14T08:11:33Z">
          <reporter-output>
          </reporter-output>
        </test-method> <!-- deleteCustomer -->
        <test-method status="PASS" signature="editCustomer()[pri:0, instance:demo.basic.TestNGDemo@5bcab519]" name="editCustomer" duration-ms="1" started-at="2023-06-14T08:11:33Z" finished-at="2023-06-14T08:11:33Z">
          <reporter-output>
          </reporter-output>
        </test-method> <!-- editCustomer -->
      </class> <!-- demo.basic.TestNGDemo -->
    </test> <!-- Successful Login with Valid Credentials -->
  </suite> <!-- Suite First -->
</testng-results>
